<?xml version='1.0' encoding='UTF-8'?>
<testsuite hostname="salma" name="akka.pattern.throttle.TimerBasedThrottlerSpec" tests="4" errors="0" failures="3" time="1.117">
                     <properties>
      <property name="jline.esc.timeout" value="0"/><property name="java.runtime.name" value="Java(TM) SE Runtime Environment"/><property name="sun.boot.library.path" value="/usr/lib/jvm/java-8-oracle/jre/lib/amd64"/><property name="java.vm.version" value="25.51-b03"/><property name="java.vm.vendor" value="Oracle Corporation"/><property name="java.vendor.url" value="http://java.oracle.com/"/><property name="path.separator" value=":"/><property name="java.vm.name" value="Java HotSpot(TM) 64-Bit Server VM"/><property name="file.encoding.pkg" value="sun.io"/><property name="user.country" value="US"/><property name="sun.java.launcher" value="SUN_STANDARD"/><property name="sun.os.patch.level" value="unknown"/><property name="java.vm.specification.name" value="Java Virtual Machine Specification"/><property name="user.dir" value="/home/salma/learning Akka/Section 8/code /throttler-messages"/><property name="java.runtime.version" value="1.8.0_51-b16"/><property name="java.awt.graphicsenv" value="sun.awt.X11GraphicsEnvironment"/><property name="java.endorsed.dirs" value="/usr/lib/jvm/java-8-oracle/jre/lib/endorsed"/><property name="os.arch" value="amd64"/><property name="java.io.tmpdir" value="/tmp"/><property name="line.separator" value="
"/><property name="java.vm.specification.vendor" value="Oracle Corporation"/><property name="os.name" value="Linux"/><property name="sun.jnu.encoding" value="UTF-8"/><property name="java.library.path" value="/usr/java/packages/lib/amd64:/usr/lib64:/lib64:/lib:/usr/lib"/><property name="java.specification.name" value="Java Platform API Specification"/><property name="java.class.version" value="52.0"/><property name="sun.management.compiler" value="HotSpot 64-Bit Tiered Compilers"/><property name="os.version" value="3.19.0-28-generic"/><property name="user.home" value="/home/salma"/><property name="user.timezone" value="Africa/Cairo"/><property name="java.awt.printerjob" value="sun.print.PSPrinterJob"/><property name="file.encoding" value="UTF-8"/><property name="java.specification.version" value="1.8"/><property name="java.class.path" value="/usr/share/sbt-launcher-packaging/bin/sbt-launch.jar"/><property name="user.name" value="salma"/><property name="jline.shutdownhook" value="false"/><property name="java.vm.specification.version" value="1.8"/><property name="sun.java.command" value="/usr/share/sbt-launcher-packaging/bin/sbt-launch.jar test"/><property name="java.home" value="/usr/lib/jvm/java-8-oracle/jre"/><property name="sun.arch.data.model" value="64"/><property name="user.language" value="en"/><property name="java.specification.vendor" value="Oracle Corporation"/><property name="awt.toolkit" value="sun.awt.X11.XToolkit"/><property name="java.vm.info" value="mixed mode"/><property name="java.version" value="1.8.0_51"/><property name="java.ext.dirs" value="/usr/lib/jvm/java-8-oracle/jre/lib/ext:/usr/java/packages/lib/ext"/><property name="sun.boot.class.path" value="/usr/lib/jvm/java-8-oracle/jre/lib/resources.jar:/usr/lib/jvm/java-8-oracle/jre/lib/rt.jar:/usr/lib/jvm/java-8-oracle/jre/lib/sunrsasign.jar:/usr/lib/jvm/java-8-oracle/jre/lib/jsse.jar:/usr/lib/jvm/java-8-oracle/jre/lib/jce.jar:/usr/lib/jvm/java-8-oracle/jre/lib/charsets.jar:/usr/lib/jvm/java-8-oracle/jre/lib/jfr.jar:/usr/lib/jvm/java-8-oracle/jre/classes"/><property name="java.vendor" value="Oracle Corporation"/><property name="file.separator" value="/"/><property name="java.vendor.url.bug" value="http://bugreport.sun.com/bugreport/"/><property name="sun.io.unicode.encoding" value="UnicodeLittle"/><property name="sun.cpu.endian" value="little"/><property name="sun.cpu.isalist" value=""/>
    </properties>
                     <testcase classname="akka.pattern.throttle.TimerBasedThrottlerSpec" name="A throttler must must pass the ScalaDoc class documentation example prgoram" time="0.074">
                                                 
                                               </testcase><testcase classname="akka.pattern.throttle.TimerBasedThrottlerSpec" name="A throttler must keep messages until a target is set" time="1.035">
                                                 <failure message="assertion failed: expected 1, found Queue(1)" type="java.lang.AssertionError">java.lang.AssertionError: assertion failed: expected 1, found Queue(1)
	at scala.Predef$.assert(Predef.scala:165)
	at akka.testkit.TestKitBase$class.expectMsg_internal(TestKit.scala:339)
	at akka.testkit.TestKitBase$class.expectMsg(TestKit.scala:315)
	at akka.testkit.TestKit.expectMsg(TestKit.scala:718)
	at akka.pattern.throttle.TimerBasedThrottlerSpec$$anonfun$1$$anonfun$apply$mcV$sp$2$$anonfun$apply$mcV$sp$9.apply(TimerBasedThrottlerSpec.scala:66)
	at akka.pattern.throttle.TimerBasedThrottlerSpec$$anonfun$1$$anonfun$apply$mcV$sp$2$$anonfun$apply$mcV$sp$9.apply(TimerBasedThrottlerSpec.scala:65)
	at akka.testkit.TestKitBase$class.within(TestKit.scala:296)
	at akka.testkit.TestKit.within(TestKit.scala:718)
	at akka.testkit.TestKitBase$class.within(TestKit.scala:310)
	at akka.testkit.TestKit.within(TestKit.scala:718)
	at akka.pattern.throttle.TimerBasedThrottlerSpec$$anonfun$1$$anonfun$apply$mcV$sp$2.apply$mcV$sp(TimerBasedThrottlerSpec.scala:65)
	at akka.pattern.throttle.TimerBasedThrottlerSpec$$anonfun$1$$anonfun$apply$mcV$sp$2.apply(TimerBasedThrottlerSpec.scala:54)
	at akka.pattern.throttle.TimerBasedThrottlerSpec$$anonfun$1$$anonfun$apply$mcV$sp$2.apply(TimerBasedThrottlerSpec.scala:54)
	at org.scalatest.Transformer$$anonfun$apply$1.apply$mcV$sp(Transformer.scala:22)
	at org.scalatest.OutcomeOf$class.outcomeOf(OutcomeOf.scala:85)
	at org.scalatest.OutcomeOf$.outcomeOf(OutcomeOf.scala:104)
	at org.scalatest.Transformer.apply(Transformer.scala:22)
	at org.scalatest.Transformer.apply(Transformer.scala:20)
	at org.scalatest.WordSpecLike$$anon$1.apply(WordSpecLike.scala:953)
	at org.scalatest.Suite$class.withFixture(Suite.scala:1122)
	at akka.pattern.throttle.TimerBasedThrottlerSpec.withFixture(TimerBasedThrottlerSpec.scala:23)
	at org.scalatest.WordSpecLike$class.invokeWithFixture$1(WordSpecLike.scala:950)
	at org.scalatest.WordSpecLike$$anonfun$runTest$1.apply(WordSpecLike.scala:962)
	at org.scalatest.WordSpecLike$$anonfun$runTest$1.apply(WordSpecLike.scala:962)
	at org.scalatest.SuperEngine.runTestImpl(Engine.scala:306)
	at org.scalatest.WordSpecLike$class.runTest(WordSpecLike.scala:962)
	at akka.pattern.throttle.TimerBasedThrottlerSpec.runTest(TimerBasedThrottlerSpec.scala:23)
	at org.scalatest.WordSpecLike$$anonfun$runTests$1.apply(WordSpecLike.scala:1021)
	at org.scalatest.WordSpecLike$$anonfun$runTests$1.apply(WordSpecLike.scala:1021)
	at org.scalatest.SuperEngine$$anonfun$traverseSubNodes$1$1.apply(Engine.scala:413)
	at org.scalatest.SuperEngine$$anonfun$traverseSubNodes$1$1.apply(Engine.scala:401)
	at scala.collection.immutable.List.foreach(List.scala:381)
	at org.scalatest.SuperEngine.traverseSubNodes$1(Engine.scala:401)
	at org.scalatest.SuperEngine.org$scalatest$SuperEngine$$runTestsInBranch(Engine.scala:390)
	at org.scalatest.SuperEngine$$anonfun$traverseSubNodes$1$1.apply(Engine.scala:427)
	at org.scalatest.SuperEngine$$anonfun$traverseSubNodes$1$1.apply(Engine.scala:401)
	at scala.collection.immutable.List.foreach(List.scala:381)
	at org.scalatest.SuperEngine.traverseSubNodes$1(Engine.scala:401)
	at org.scalatest.SuperEngine.org$scalatest$SuperEngine$$runTestsInBranch(Engine.scala:396)
	at org.scalatest.SuperEngine.runTestsImpl(Engine.scala:483)
	at org.scalatest.WordSpecLike$class.runTests(WordSpecLike.scala:1021)
	at akka.pattern.throttle.TimerBasedThrottlerSpec.runTests(TimerBasedThrottlerSpec.scala:23)
	at org.scalatest.Suite$class.run(Suite.scala:1424)
	at akka.pattern.throttle.TimerBasedThrottlerSpec.org$scalatest$WordSpecLike$$super$run(TimerBasedThrottlerSpec.scala:23)
	at org.scalatest.WordSpecLike$$anonfun$run$1.apply(WordSpecLike.scala:1067)
	at org.scalatest.WordSpecLike$$anonfun$run$1.apply(WordSpecLike.scala:1067)
	at org.scalatest.SuperEngine.runImpl(Engine.scala:545)
	at org.scalatest.WordSpecLike$class.run(WordSpecLike.scala:1067)
	at akka.pattern.throttle.TimerBasedThrottlerSpec.org$scalatest$BeforeAndAfterAll$$super$run(TimerBasedThrottlerSpec.scala:23)
	at org.scalatest.BeforeAndAfterAll$class.liftedTree1$1(BeforeAndAfterAll.scala:257)
	at org.scalatest.BeforeAndAfterAll$class.run(BeforeAndAfterAll.scala:256)
	at akka.pattern.throttle.TimerBasedThrottlerSpec.run(TimerBasedThrottlerSpec.scala:23)
	at org.scalatest.tools.Framework.org$scalatest$tools$Framework$$runSuite(Framework.scala:462)
	at org.scalatest.tools.Framework$ScalaTestTask.execute(Framework.scala:671)
	at sbt.TestRunner.runTest$1(TestFramework.scala:76)
	at sbt.TestRunner.run(TestFramework.scala:85)
	at sbt.TestFramework$$anon$2$$anonfun$$init$$1$$anonfun$apply$8.apply(TestFramework.scala:202)
	at sbt.TestFramework$$anon$2$$anonfun$$init$$1$$anonfun$apply$8.apply(TestFramework.scala:202)
	at sbt.TestFramework$.sbt$TestFramework$$withContextLoader(TestFramework.scala:185)
	at sbt.TestFramework$$anon$2$$anonfun$$init$$1.apply(TestFramework.scala:202)
	at sbt.TestFramework$$anon$2$$anonfun$$init$$1.apply(TestFramework.scala:202)
	at sbt.TestFunction.apply(TestFramework.scala:207)
	at sbt.Tests$$anonfun$9.apply(Tests.scala:216)
	at sbt.Tests$$anonfun$9.apply(Tests.scala:216)
	at sbt.std.Transform$$anon$3$$anonfun$apply$2.apply(System.scala:44)
	at sbt.std.Transform$$anon$3$$anonfun$apply$2.apply(System.scala:44)
	at sbt.std.Transform$$anon$4.work(System.scala:63)
	at sbt.Execute$$anonfun$submit$1$$anonfun$apply$1.apply(Execute.scala:226)
	at sbt.Execute$$anonfun$submit$1$$anonfun$apply$1.apply(Execute.scala:226)
	at sbt.ErrorHandling$.wideConvert(ErrorHandling.scala:17)
	at sbt.Execute.work(Execute.scala:235)
	at sbt.Execute$$anonfun$submit$1.apply(Execute.scala:226)
	at sbt.Execute$$anonfun$submit$1.apply(Execute.scala:226)
	at sbt.ConcurrentRestrictions$$anon$4$$anonfun$1.apply(ConcurrentRestrictions.scala:159)
	at sbt.CompletionService$$anon$2.call(CompletionService.scala:28)
	at java.util.concurrent.FutureTask.run(FutureTask.java:266)
	at java.util.concurrent.Executors$RunnableAdapter.call(Executors.java:511)
	at java.util.concurrent.FutureTask.run(FutureTask.java:266)
	at java.util.concurrent.ThreadPoolExecutor.runWorker(ThreadPoolExecutor.java:1142)
	at java.util.concurrent.ThreadPoolExecutor$Worker.run(ThreadPoolExecutor.java:617)
	at java.lang.Thread.run(Thread.java:745)
</failure>
                                               </testcase><testcase classname="akka.pattern.throttle.TimerBasedThrottlerSpec" name="A throttler must respect the rate (3 msg/s)" time="0.006">
                                                 <failure message="assertion failed: expected 1, found Queue(2)" type="java.lang.AssertionError">java.lang.AssertionError: assertion failed: expected 1, found Queue(2)
	at scala.Predef$.assert(Predef.scala:165)
	at akka.testkit.TestKitBase$class.expectMsg_internal(TestKit.scala:339)
	at akka.testkit.TestKitBase$class.expectMsg(TestKit.scala:315)
	at akka.testkit.TestKit.expectMsg(TestKit.scala:718)
	at akka.pattern.throttle.TimerBasedThrottlerSpec$$anonfun$1$$anonfun$apply$mcV$sp$3$$anonfun$apply$mcV$sp$4.apply$mcV$sp(TimerBasedThrottlerSpec.scala:87)
	at akka.pattern.throttle.TimerBasedThrottlerSpec$$anonfun$1$$anonfun$apply$mcV$sp$3$$anonfun$apply$mcV$sp$4.apply(TimerBasedThrottlerSpec.scala:86)
	at akka.pattern.throttle.TimerBasedThrottlerSpec$$anonfun$1$$anonfun$apply$mcV$sp$3$$anonfun$apply$mcV$sp$4.apply(TimerBasedThrottlerSpec.scala:86)
	at akka.testkit.TestKitBase$class.within(TestKit.scala:296)
	at akka.testkit.TestKit.within(TestKit.scala:718)
	at akka.testkit.TestKitBase$class.within(TestKit.scala:310)
	at akka.testkit.TestKit.within(TestKit.scala:718)
	at akka.pattern.throttle.TimerBasedThrottlerSpec$$anonfun$1$$anonfun$apply$mcV$sp$3.apply$mcV$sp(TimerBasedThrottlerSpec.scala:86)
	at akka.pattern.throttle.TimerBasedThrottlerSpec$$anonfun$1$$anonfun$apply$mcV$sp$3.apply(TimerBasedThrottlerSpec.scala:75)
	at akka.pattern.throttle.TimerBasedThrottlerSpec$$anonfun$1$$anonfun$apply$mcV$sp$3.apply(TimerBasedThrottlerSpec.scala:75)
	at org.scalatest.Transformer$$anonfun$apply$1.apply$mcV$sp(Transformer.scala:22)
	at org.scalatest.OutcomeOf$class.outcomeOf(OutcomeOf.scala:85)
	at org.scalatest.OutcomeOf$.outcomeOf(OutcomeOf.scala:104)
	at org.scalatest.Transformer.apply(Transformer.scala:22)
	at org.scalatest.Transformer.apply(Transformer.scala:20)
	at org.scalatest.WordSpecLike$$anon$1.apply(WordSpecLike.scala:953)
	at org.scalatest.Suite$class.withFixture(Suite.scala:1122)
	at akka.pattern.throttle.TimerBasedThrottlerSpec.withFixture(TimerBasedThrottlerSpec.scala:23)
	at org.scalatest.WordSpecLike$class.invokeWithFixture$1(WordSpecLike.scala:950)
	at org.scalatest.WordSpecLike$$anonfun$runTest$1.apply(WordSpecLike.scala:962)
	at org.scalatest.WordSpecLike$$anonfun$runTest$1.apply(WordSpecLike.scala:962)
	at org.scalatest.SuperEngine.runTestImpl(Engine.scala:306)
	at org.scalatest.WordSpecLike$class.runTest(WordSpecLike.scala:962)
	at akka.pattern.throttle.TimerBasedThrottlerSpec.runTest(TimerBasedThrottlerSpec.scala:23)
	at org.scalatest.WordSpecLike$$anonfun$runTests$1.apply(WordSpecLike.scala:1021)
	at org.scalatest.WordSpecLike$$anonfun$runTests$1.apply(WordSpecLike.scala:1021)
	at org.scalatest.SuperEngine$$anonfun$traverseSubNodes$1$1.apply(Engine.scala:413)
	at org.scalatest.SuperEngine$$anonfun$traverseSubNodes$1$1.apply(Engine.scala:401)
	at scala.collection.immutable.List.foreach(List.scala:381)
	at org.scalatest.SuperEngine.traverseSubNodes$1(Engine.scala:401)
	at org.scalatest.SuperEngine.org$scalatest$SuperEngine$$runTestsInBranch(Engine.scala:390)
	at org.scalatest.SuperEngine$$anonfun$traverseSubNodes$1$1.apply(Engine.scala:427)
	at org.scalatest.SuperEngine$$anonfun$traverseSubNodes$1$1.apply(Engine.scala:401)
	at scala.collection.immutable.List.foreach(List.scala:381)
	at org.scalatest.SuperEngine.traverseSubNodes$1(Engine.scala:401)
	at org.scalatest.SuperEngine.org$scalatest$SuperEngine$$runTestsInBranch(Engine.scala:396)
	at org.scalatest.SuperEngine.runTestsImpl(Engine.scala:483)
	at org.scalatest.WordSpecLike$class.runTests(WordSpecLike.scala:1021)
	at akka.pattern.throttle.TimerBasedThrottlerSpec.runTests(TimerBasedThrottlerSpec.scala:23)
	at org.scalatest.Suite$class.run(Suite.scala:1424)
	at akka.pattern.throttle.TimerBasedThrottlerSpec.org$scalatest$WordSpecLike$$super$run(TimerBasedThrottlerSpec.scala:23)
	at org.scalatest.WordSpecLike$$anonfun$run$1.apply(WordSpecLike.scala:1067)
	at org.scalatest.WordSpecLike$$anonfun$run$1.apply(WordSpecLike.scala:1067)
	at org.scalatest.SuperEngine.runImpl(Engine.scala:545)
	at org.scalatest.WordSpecLike$class.run(WordSpecLike.scala:1067)
	at akka.pattern.throttle.TimerBasedThrottlerSpec.org$scalatest$BeforeAndAfterAll$$super$run(TimerBasedThrottlerSpec.scala:23)
	at org.scalatest.BeforeAndAfterAll$class.liftedTree1$1(BeforeAndAfterAll.scala:257)
	at org.scalatest.BeforeAndAfterAll$class.run(BeforeAndAfterAll.scala:256)
	at akka.pattern.throttle.TimerBasedThrottlerSpec.run(TimerBasedThrottlerSpec.scala:23)
	at org.scalatest.tools.Framework.org$scalatest$tools$Framework$$runSuite(Framework.scala:462)
	at org.scalatest.tools.Framework$ScalaTestTask.execute(Framework.scala:671)
	at sbt.TestRunner.runTest$1(TestFramework.scala:76)
	at sbt.TestRunner.run(TestFramework.scala:85)
	at sbt.TestFramework$$anon$2$$anonfun$$init$$1$$anonfun$apply$8.apply(TestFramework.scala:202)
	at sbt.TestFramework$$anon$2$$anonfun$$init$$1$$anonfun$apply$8.apply(TestFramework.scala:202)
	at sbt.TestFramework$.sbt$TestFramework$$withContextLoader(TestFramework.scala:185)
	at sbt.TestFramework$$anon$2$$anonfun$$init$$1.apply(TestFramework.scala:202)
	at sbt.TestFramework$$anon$2$$anonfun$$init$$1.apply(TestFramework.scala:202)
	at sbt.TestFunction.apply(TestFramework.scala:207)
	at sbt.Tests$$anonfun$9.apply(Tests.scala:216)
	at sbt.Tests$$anonfun$9.apply(Tests.scala:216)
	at sbt.std.Transform$$anon$3$$anonfun$apply$2.apply(System.scala:44)
	at sbt.std.Transform$$anon$3$$anonfun$apply$2.apply(System.scala:44)
	at sbt.std.Transform$$anon$4.work(System.scala:63)
	at sbt.Execute$$anonfun$submit$1$$anonfun$apply$1.apply(Execute.scala:226)
	at sbt.Execute$$anonfun$submit$1$$anonfun$apply$1.apply(Execute.scala:226)
	at sbt.ErrorHandling$.wideConvert(ErrorHandling.scala:17)
	at sbt.Execute.work(Execute.scala:235)
	at sbt.Execute$$anonfun$submit$1.apply(Execute.scala:226)
	at sbt.Execute$$anonfun$submit$1.apply(Execute.scala:226)
	at sbt.ConcurrentRestrictions$$anon$4$$anonfun$1.apply(ConcurrentRestrictions.scala:159)
	at sbt.CompletionService$$anon$2.call(CompletionService.scala:28)
	at java.util.concurrent.FutureTask.run(FutureTask.java:266)
	at java.util.concurrent.Executors$RunnableAdapter.call(Executors.java:511)
	at java.util.concurrent.FutureTask.run(FutureTask.java:266)
	at java.util.concurrent.ThreadPoolExecutor.runWorker(ThreadPoolExecutor.java:1142)
	at java.util.concurrent.ThreadPoolExecutor$Worker.run(ThreadPoolExecutor.java:617)
	at java.lang.Thread.run(Thread.java:745)
</failure>
                                               </testcase><testcase classname="akka.pattern.throttle.TimerBasedThrottlerSpec" name="A throttler must respect the rate (4 msg/s)" time="0.002">
                                                 <failure message="assertion failed: expected 1, found Queue(3)" type="java.lang.AssertionError">java.lang.AssertionError: assertion failed: expected 1, found Queue(3)
	at scala.Predef$.assert(Predef.scala:165)
	at akka.testkit.TestKitBase$class.expectMsg_internal(TestKit.scala:339)
	at akka.testkit.TestKitBase$class.expectMsg(TestKit.scala:315)
	at akka.testkit.TestKit.expectMsg(TestKit.scala:718)
	at akka.pattern.throttle.TimerBasedThrottlerSpec$$anonfun$1$$anonfun$apply$mcV$sp$6$$anonfun$apply$mcV$sp$7.apply$mcV$sp(TimerBasedThrottlerSpec.scala:117)
	at akka.pattern.throttle.TimerBasedThrottlerSpec$$anonfun$1$$anonfun$apply$mcV$sp$6$$anonfun$apply$mcV$sp$7.apply(TimerBasedThrottlerSpec.scala:116)
	at akka.pattern.throttle.TimerBasedThrottlerSpec$$anonfun$1$$anonfun$apply$mcV$sp$6$$anonfun$apply$mcV$sp$7.apply(TimerBasedThrottlerSpec.scala:116)
	at akka.testkit.TestKitBase$class.within(TestKit.scala:296)
	at akka.testkit.TestKit.within(TestKit.scala:718)
	at akka.testkit.TestKitBase$class.within(TestKit.scala:310)
	at akka.testkit.TestKit.within(TestKit.scala:718)
	at akka.pattern.throttle.TimerBasedThrottlerSpec$$anonfun$1$$anonfun$apply$mcV$sp$6.apply$mcV$sp(TimerBasedThrottlerSpec.scala:116)
	at akka.pattern.throttle.TimerBasedThrottlerSpec$$anonfun$1$$anonfun$apply$mcV$sp$6.apply(TimerBasedThrottlerSpec.scala:103)
	at akka.pattern.throttle.TimerBasedThrottlerSpec$$anonfun$1$$anonfun$apply$mcV$sp$6.apply(TimerBasedThrottlerSpec.scala:103)
	at org.scalatest.Transformer$$anonfun$apply$1.apply$mcV$sp(Transformer.scala:22)
	at org.scalatest.OutcomeOf$class.outcomeOf(OutcomeOf.scala:85)
	at org.scalatest.OutcomeOf$.outcomeOf(OutcomeOf.scala:104)
	at org.scalatest.Transformer.apply(Transformer.scala:22)
	at org.scalatest.Transformer.apply(Transformer.scala:20)
	at org.scalatest.WordSpecLike$$anon$1.apply(WordSpecLike.scala:953)
	at org.scalatest.Suite$class.withFixture(Suite.scala:1122)
	at akka.pattern.throttle.TimerBasedThrottlerSpec.withFixture(TimerBasedThrottlerSpec.scala:23)
	at org.scalatest.WordSpecLike$class.invokeWithFixture$1(WordSpecLike.scala:950)
	at org.scalatest.WordSpecLike$$anonfun$runTest$1.apply(WordSpecLike.scala:962)
	at org.scalatest.WordSpecLike$$anonfun$runTest$1.apply(WordSpecLike.scala:962)
	at org.scalatest.SuperEngine.runTestImpl(Engine.scala:306)
	at org.scalatest.WordSpecLike$class.runTest(WordSpecLike.scala:962)
	at akka.pattern.throttle.TimerBasedThrottlerSpec.runTest(TimerBasedThrottlerSpec.scala:23)
	at org.scalatest.WordSpecLike$$anonfun$runTests$1.apply(WordSpecLike.scala:1021)
	at org.scalatest.WordSpecLike$$anonfun$runTests$1.apply(WordSpecLike.scala:1021)
	at org.scalatest.SuperEngine$$anonfun$traverseSubNodes$1$1.apply(Engine.scala:413)
	at org.scalatest.SuperEngine$$anonfun$traverseSubNodes$1$1.apply(Engine.scala:401)
	at scala.collection.immutable.List.foreach(List.scala:381)
	at org.scalatest.SuperEngine.traverseSubNodes$1(Engine.scala:401)
	at org.scalatest.SuperEngine.org$scalatest$SuperEngine$$runTestsInBranch(Engine.scala:390)
	at org.scalatest.SuperEngine$$anonfun$traverseSubNodes$1$1.apply(Engine.scala:427)
	at org.scalatest.SuperEngine$$anonfun$traverseSubNodes$1$1.apply(Engine.scala:401)
	at scala.collection.immutable.List.foreach(List.scala:381)
	at org.scalatest.SuperEngine.traverseSubNodes$1(Engine.scala:401)
	at org.scalatest.SuperEngine.org$scalatest$SuperEngine$$runTestsInBranch(Engine.scala:396)
	at org.scalatest.SuperEngine.runTestsImpl(Engine.scala:483)
	at org.scalatest.WordSpecLike$class.runTests(WordSpecLike.scala:1021)
	at akka.pattern.throttle.TimerBasedThrottlerSpec.runTests(TimerBasedThrottlerSpec.scala:23)
	at org.scalatest.Suite$class.run(Suite.scala:1424)
	at akka.pattern.throttle.TimerBasedThrottlerSpec.org$scalatest$WordSpecLike$$super$run(TimerBasedThrottlerSpec.scala:23)
	at org.scalatest.WordSpecLike$$anonfun$run$1.apply(WordSpecLike.scala:1067)
	at org.scalatest.WordSpecLike$$anonfun$run$1.apply(WordSpecLike.scala:1067)
	at org.scalatest.SuperEngine.runImpl(Engine.scala:545)
	at org.scalatest.WordSpecLike$class.run(WordSpecLike.scala:1067)
	at akka.pattern.throttle.TimerBasedThrottlerSpec.org$scalatest$BeforeAndAfterAll$$super$run(TimerBasedThrottlerSpec.scala:23)
	at org.scalatest.BeforeAndAfterAll$class.liftedTree1$1(BeforeAndAfterAll.scala:257)
	at org.scalatest.BeforeAndAfterAll$class.run(BeforeAndAfterAll.scala:256)
	at akka.pattern.throttle.TimerBasedThrottlerSpec.run(TimerBasedThrottlerSpec.scala:23)
	at org.scalatest.tools.Framework.org$scalatest$tools$Framework$$runSuite(Framework.scala:462)
	at org.scalatest.tools.Framework$ScalaTestTask.execute(Framework.scala:671)
	at sbt.TestRunner.runTest$1(TestFramework.scala:76)
	at sbt.TestRunner.run(TestFramework.scala:85)
	at sbt.TestFramework$$anon$2$$anonfun$$init$$1$$anonfun$apply$8.apply(TestFramework.scala:202)
	at sbt.TestFramework$$anon$2$$anonfun$$init$$1$$anonfun$apply$8.apply(TestFramework.scala:202)
	at sbt.TestFramework$.sbt$TestFramework$$withContextLoader(TestFramework.scala:185)
	at sbt.TestFramework$$anon$2$$anonfun$$init$$1.apply(TestFramework.scala:202)
	at sbt.TestFramework$$anon$2$$anonfun$$init$$1.apply(TestFramework.scala:202)
	at sbt.TestFunction.apply(TestFramework.scala:207)
	at sbt.Tests$$anonfun$9.apply(Tests.scala:216)
	at sbt.Tests$$anonfun$9.apply(Tests.scala:216)
	at sbt.std.Transform$$anon$3$$anonfun$apply$2.apply(System.scala:44)
	at sbt.std.Transform$$anon$3$$anonfun$apply$2.apply(System.scala:44)
	at sbt.std.Transform$$anon$4.work(System.scala:63)
	at sbt.Execute$$anonfun$submit$1$$anonfun$apply$1.apply(Execute.scala:226)
	at sbt.Execute$$anonfun$submit$1$$anonfun$apply$1.apply(Execute.scala:226)
	at sbt.ErrorHandling$.wideConvert(ErrorHandling.scala:17)
	at sbt.Execute.work(Execute.scala:235)
	at sbt.Execute$$anonfun$submit$1.apply(Execute.scala:226)
	at sbt.Execute$$anonfun$submit$1.apply(Execute.scala:226)
	at sbt.ConcurrentRestrictions$$anon$4$$anonfun$1.apply(ConcurrentRestrictions.scala:159)
	at sbt.CompletionService$$anon$2.call(CompletionService.scala:28)
	at java.util.concurrent.FutureTask.run(FutureTask.java:266)
	at java.util.concurrent.Executors$RunnableAdapter.call(Executors.java:511)
	at java.util.concurrent.FutureTask.run(FutureTask.java:266)
	at java.util.concurrent.ThreadPoolExecutor.runWorker(ThreadPoolExecutor.java:1142)
	at java.util.concurrent.ThreadPoolExecutor$Worker.run(ThreadPoolExecutor.java:617)
	at java.lang.Thread.run(Thread.java:745)
</failure>
                                               </testcase>
                     <system-out></system-out>
                     <system-err></system-err>
                   </testsuite>