[0m[[0mdebug[0m] [0mRunning TaskDef(akka.pattern.throttle.TimerBasedThrottlerSpec, org.scalatest.tools.Framework$$anon$1@4f07bdc9, false, [SuiteSelector])[0m
[0m[[0minfo[0m] [0m[36mRun completed in 2 seconds, 476 milliseconds.[0m[0m
[0m[[0minfo[0m] [0m[36mTotal number of tests run: 4[0m[0m
[0m[[0minfo[0m] [0m[36mSuites: completed 1, aborted 0[0m[0m
[0m[[0minfo[0m] [0m[36mTests: succeeded 1, failed 3, canceled 0, ignored 0, pending 0[0m[0m
[0m[[0minfo[0m] [0m[31m*** 3 TESTS FAILED ***[0m[0m
[0m[[31merror[0m] [0mFailed tests:[0m
[0m[[31merror[0m] [0m	akka.pattern.throttle.TimerBasedThrottlerSpec[0m
[0m[[31merror[0m] [0m(test:[31mtest[0m) sbt.TestsFailedException: Tests unsuccessful[0m
